INFO: [VRFC 10-2263] Analyzing Verilog file "D:/GradeFour/AICHIP/ref/project/repo/FinalPro-CnnAcc/pro/finalAcc/finalAcc.sim/sim_1/synth/func/xsim/top_tb_func_synth.v" into library xil_defaultlib
INFO: [VRFC 10-311] analyzing module BRAM16K
INFO: [VRFC 10-311] analyzing module BRAM32k
INFO: [VRFC 10-311] analyzing module BRAM4k
INFO: [VRFC 10-311] analyzing module BRAM8K
INFO: [VRFC 10-311] analyzing module WLay1ROM
INFO: [VRFC 10-311] analyzing module channelBuf
INFO: [VRFC 10-311] analyzing module clk_wiz_0
INFO: [VRFC 10-311] analyzing module clk_wiz_0_clk_wiz_0_clk_wiz
INFO: [VRFC 10-311] analyzing module pe1
INFO: [VRFC 10-311] analyzing module pe_group2
INFO: [VRFC 10-311] analyzing module pe_group2_0
INFO: [VRFC 10-311] analyzing module pe_group2_1
INFO: [VRFC 10-311] analyzing module pe_group2_10
INFO: [VRFC 10-311] analyzing module pe_group2_2
INFO: [VRFC 10-311] analyzing module pe_group2_3
INFO: [VRFC 10-311] analyzing module pe_group2_4
INFO: [VRFC 10-311] analyzing module pe_group2_5
INFO: [VRFC 10-311] analyzing module pe_group2_6
INFO: [VRFC 10-311] analyzing module pe_group2_7
INFO: [VRFC 10-311] analyzing module pe_group2_8
INFO: [VRFC 10-311] analyzing module pe_group2_9
INFO: [VRFC 10-311] analyzing module top
INFO: [VRFC 10-311] analyzing module weightROM
INFO: [VRFC 10-311] analyzing module weightRomLayer4
INFO: [VRFC 10-311] analyzing module writeback
INFO: [VRFC 10-311] analyzing module BRAM16K_blk_mem_gen_generic_cstr
INFO: [VRFC 10-311] analyzing module BRAM16K_blk_mem_gen_prim_width
INFO: [VRFC 10-311] analyzing module BRAM16K_blk_mem_gen_prim_width__parameterized0
INFO: [VRFC 10-311] analyzing module BRAM16K_blk_mem_gen_prim_width__parameterized1
INFO: [VRFC 10-311] analyzing module BRAM16K_blk_mem_gen_prim_width__parameterized2
INFO: [VRFC 10-311] analyzing module BRAM16K_blk_mem_gen_prim_wrapper_init
INFO: [VRFC 10-311] analyzing module BRAM16K_blk_mem_gen_prim_wrapper_init__parameterized0
INFO: [VRFC 10-311] analyzing module BRAM16K_blk_mem_gen_prim_wrapper_init__parameterized1
INFO: [VRFC 10-311] analyzing module BRAM16K_blk_mem_gen_prim_wrapper_init__parameterized2
INFO: [VRFC 10-311] analyzing module BRAM16K_blk_mem_gen_top
INFO: [VRFC 10-311] analyzing module BRAM16K_blk_mem_gen_v8_4_1
INFO: [VRFC 10-311] analyzing module BRAM16K_blk_mem_gen_v8_4_1_synth
INFO: [VRFC 10-311] analyzing module BRAM32k_blk_mem_gen_generic_cstr
INFO: [VRFC 10-311] analyzing module BRAM32k_blk_mem_gen_prim_width
INFO: [VRFC 10-311] analyzing module BRAM32k_blk_mem_gen_prim_width__parameterized0
INFO: [VRFC 10-311] analyzing module BRAM32k_blk_mem_gen_prim_width__parameterized1
INFO: [VRFC 10-311] analyzing module BRAM32k_blk_mem_gen_prim_width__parameterized2
INFO: [VRFC 10-311] analyzing module BRAM32k_blk_mem_gen_prim_width__parameterized3
INFO: [VRFC 10-311] analyzing module BRAM32k_blk_mem_gen_prim_width__parameterized4
INFO: [VRFC 10-311] analyzing module BRAM32k_blk_mem_gen_prim_width__parameterized5
INFO: [VRFC 10-311] analyzing module BRAM32k_blk_mem_gen_prim_width__parameterized6
INFO: [VRFC 10-311] analyzing module BRAM32k_blk_mem_gen_prim_wrapper_init
INFO: [VRFC 10-311] analyzing module BRAM32k_blk_mem_gen_prim_wrapper_init__parameterized0
INFO: [VRFC 10-311] analyzing module BRAM32k_blk_mem_gen_prim_wrapper_init__parameterized1
INFO: [VRFC 10-311] analyzing module BRAM32k_blk_mem_gen_prim_wrapper_init__parameterized2
INFO: [VRFC 10-311] analyzing module BRAM32k_blk_mem_gen_prim_wrapper_init__parameterized3
INFO: [VRFC 10-311] analyzing module BRAM32k_blk_mem_gen_prim_wrapper_init__parameterized4
INFO: [VRFC 10-311] analyzing module BRAM32k_blk_mem_gen_prim_wrapper_init__parameterized5
INFO: [VRFC 10-311] analyzing module BRAM32k_blk_mem_gen_prim_wrapper_init__parameterized6
INFO: [VRFC 10-311] analyzing module BRAM32k_blk_mem_gen_top
INFO: [VRFC 10-311] analyzing module BRAM32k_blk_mem_gen_v8_4_1
INFO: [VRFC 10-311] analyzing module BRAM32k_blk_mem_gen_v8_4_1_synth
INFO: [VRFC 10-311] analyzing module BRAM4k_blk_mem_gen_generic_cstr
INFO: [VRFC 10-311] analyzing module BRAM4k_blk_mem_gen_prim_width
INFO: [VRFC 10-311] analyzing module BRAM4k_blk_mem_gen_prim_width__parameterized0
INFO: [VRFC 10-311] analyzing module BRAM4k_blk_mem_gen_prim_wrapper_init
INFO: [VRFC 10-311] analyzing module BRAM4k_blk_mem_gen_prim_wrapper_init__parameterized0
INFO: [VRFC 10-311] analyzing module BRAM4k_blk_mem_gen_top
INFO: [VRFC 10-311] analyzing module BRAM4k_blk_mem_gen_v8_4_1
INFO: [VRFC 10-311] analyzing module BRAM4k_blk_mem_gen_v8_4_1_synth
INFO: [VRFC 10-311] analyzing module BRAM8K_blk_mem_gen_generic_cstr
INFO: [VRFC 10-311] analyzing module BRAM8K_blk_mem_gen_prim_width
INFO: [VRFC 10-311] analyzing module BRAM8K_blk_mem_gen_prim_width__parameterized0
INFO: [VRFC 10-311] analyzing module BRAM8K_blk_mem_gen_prim_wrapper
INFO: [VRFC 10-311] analyzing module BRAM8K_blk_mem_gen_prim_wrapper__parameterized0
INFO: [VRFC 10-311] analyzing module BRAM8K_blk_mem_gen_top
INFO: [VRFC 10-311] analyzing module BRAM8K_blk_mem_gen_v8_4_1
INFO: [VRFC 10-311] analyzing module BRAM8K_blk_mem_gen_v8_4_1_synth
INFO: [VRFC 10-311] analyzing module WLay1ROM__blk_mem_gen_generic_cstr
INFO: [VRFC 10-311] analyzing module WLay1ROM__blk_mem_gen_prim_width
INFO: [VRFC 10-311] analyzing module WLay1ROM__blk_mem_gen_prim_wrapper_init
INFO: [VRFC 10-311] analyzing module WLay1ROM__blk_mem_gen_top
INFO: [VRFC 10-311] analyzing module WLay1ROM__blk_mem_gen_v8_4_1
INFO: [VRFC 10-311] analyzing module WLay1ROM__blk_mem_gen_v8_4_1_synth
INFO: [VRFC 10-311] analyzing module weightROM_blk_mem_gen_generic_cstr
INFO: [VRFC 10-311] analyzing module weightROM_blk_mem_gen_mux
INFO: [VRFC 10-311] analyzing module weightROM_blk_mem_gen_mux__parameterized0
INFO: [VRFC 10-311] analyzing module weightROM_blk_mem_gen_prim_width
INFO: [VRFC 10-311] analyzing module weightROM_blk_mem_gen_prim_width__parameterized0
INFO: [VRFC 10-311] analyzing module weightROM_blk_mem_gen_prim_width__parameterized1
INFO: [VRFC 10-311] analyzing module weightROM_blk_mem_gen_prim_width__parameterized10
INFO: [VRFC 10-311] analyzing module weightROM_blk_mem_gen_prim_width__parameterized11
INFO: [VRFC 10-311] analyzing module weightROM_blk_mem_gen_prim_width__parameterized12
INFO: [VRFC 10-311] analyzing module weightROM_blk_mem_gen_prim_width__parameterized13
INFO: [VRFC 10-311] analyzing module weightROM_blk_mem_gen_prim_width__parameterized14
INFO: [VRFC 10-311] analyzing module weightROM_blk_mem_gen_prim_width__parameterized2
INFO: [VRFC 10-311] analyzing module weightROM_blk_mem_gen_prim_width__parameterized3
INFO: [VRFC 10-311] analyzing module weightROM_blk_mem_gen_prim_width__parameterized4
INFO: [VRFC 10-311] analyzing module weightROM_blk_mem_gen_prim_width__parameterized5
INFO: [VRFC 10-311] analyzing module weightROM_blk_mem_gen_prim_width__parameterized6
INFO: [VRFC 10-311] analyzing module weightROM_blk_mem_gen_prim_width__parameterized7
INFO: [VRFC 10-311] analyzing module weightROM_blk_mem_gen_prim_width__parameterized8
INFO: [VRFC 10-311] analyzing module weightROM_blk_mem_gen_prim_width__parameterized9
INFO: [VRFC 10-311] analyzing module weightROM_blk_mem_gen_prim_wrapper_init
INFO: [VRFC 10-311] analyzing module weightROM_blk_mem_gen_prim_wrapper_init__parameterized0
INFO: [VRFC 10-311] analyzing module weightROM_blk_mem_gen_prim_wrapper_init__parameterized1
INFO: [VRFC 10-311] analyzing module weightROM_blk_mem_gen_prim_wrapper_init__parameterized10
INFO: [VRFC 10-311] analyzing module weightROM_blk_mem_gen_prim_wrapper_init__parameterized11
INFO: [VRFC 10-311] analyzing module weightROM_blk_mem_gen_prim_wrapper_init__parameterized12
INFO: [VRFC 10-311] analyzing module weightROM_blk_mem_gen_prim_wrapper_init__parameterized13
INFO: [VRFC 10-311] analyzing module weightROM_blk_mem_gen_prim_wrapper_init__parameterized14
INFO: [VRFC 10-311] analyzing module weightROM_blk_mem_gen_prim_wrapper_init__parameterized2
INFO: [VRFC 10-311] analyzing module weightROM_blk_mem_gen_prim_wrapper_init__parameterized3
INFO: [VRFC 10-311] analyzing module weightROM_blk_mem_gen_prim_wrapper_init__parameterized4
INFO: [VRFC 10-311] analyzing module weightROM_blk_mem_gen_prim_wrapper_init__parameterized5
INFO: [VRFC 10-311] analyzing module weightROM_blk_mem_gen_prim_wrapper_init__parameterized6
INFO: [VRFC 10-311] analyzing module weightROM_blk_mem_gen_prim_wrapper_init__parameterized7
INFO: [VRFC 10-311] analyzing module weightROM_blk_mem_gen_prim_wrapper_init__parameterized8
INFO: [VRFC 10-311] analyzing module weightROM_blk_mem_gen_prim_wrapper_init__parameterized9
INFO: [VRFC 10-311] analyzing module weightROM_blk_mem_gen_top
INFO: [VRFC 10-311] analyzing module weightROM_blk_mem_gen_v8_4_1
INFO: [VRFC 10-311] analyzing module weightROM_blk_mem_gen_v8_4_1_synth
INFO: [VRFC 10-311] analyzing module weightRomLayer4_blk_mem_gen_generic_cstr
INFO: [VRFC 10-311] analyzing module weightRomLayer4_blk_mem_gen_prim_width
INFO: [VRFC 10-311] analyzing module weightRomLayer4_blk_mem_gen_prim_width__parameterized0
INFO: [VRFC 10-311] analyzing module weightRomLayer4_blk_mem_gen_prim_width__parameterized1
INFO: [VRFC 10-311] analyzing module weightRomLayer4_blk_mem_gen_prim_width__parameterized2
INFO: [VRFC 10-311] analyzing module weightRomLayer4_blk_mem_gen_prim_width__parameterized3
INFO: [VRFC 10-311] analyzing module weightRomLayer4_blk_mem_gen_prim_width__parameterized4
INFO: [VRFC 10-311] analyzing module weightRomLayer4_blk_mem_gen_prim_width__parameterized5
INFO: [VRFC 10-311] analyzing module weightRomLayer4_blk_mem_gen_prim_width__parameterized6
INFO: [VRFC 10-311] analyzing module weightRomLayer4_blk_mem_gen_prim_wrapper_init
INFO: [VRFC 10-311] analyzing module weightRomLayer4_blk_mem_gen_prim_wrapper_init__parameterized0
INFO: [VRFC 10-311] analyzing module weightRomLayer4_blk_mem_gen_prim_wrapper_init__parameterized1
INFO: [VRFC 10-311] analyzing module weightRomLayer4_blk_mem_gen_prim_wrapper_init__parameterized2
INFO: [VRFC 10-311] analyzing module weightRomLayer4_blk_mem_gen_prim_wrapper_init__parameterized3
INFO: [VRFC 10-311] analyzing module weightRomLayer4_blk_mem_gen_prim_wrapper_init__parameterized4
INFO: [VRFC 10-311] analyzing module weightRomLayer4_blk_mem_gen_prim_wrapper_init__parameterized5
INFO: [VRFC 10-311] analyzing module weightRomLayer4_blk_mem_gen_prim_wrapper_init__parameterized6
INFO: [VRFC 10-311] analyzing module weightRomLayer4_blk_mem_gen_top
INFO: [VRFC 10-311] analyzing module weightRomLayer4_blk_mem_gen_v8_4_1
INFO: [VRFC 10-311] analyzing module weightRomLayer4_blk_mem_gen_v8_4_1_synth
INFO: [VRFC 10-311] analyzing module glbl
INFO: [VRFC 10-2263] Analyzing Verilog file "D:/GradeFour/AICHIP/ref/project/repo/FinalPro-CnnAcc/srcs/top_tb.v" into library xil_defaultlib
INFO: [VRFC 10-311] analyzing module top_tb
